<?xml version="1.0" encoding="UTF-8"?>
<testsuite xmlns:xsi="http://www.w3.org/2001/XMLSchema-instance" xsi:noNamespaceSchemaLocation="https://maven.apache.org/surefire/maven-surefire-plugin/xsd/surefire-test-report-3.0.xsd" version="3.0" name="runners.TestRunner" time="109.994" tests="4" errors="0" skipped="0" failures="0">
  <properties>
    <property name="sun.desktop" value="windows"/>
    <property name="awt.toolkit" value="sun.awt.windows.WToolkit"/>
    <property name="file.encoding.pkg" value="sun.io"/>
    <property name="java.specification.version" value="1.8"/>
    <property name="sun.cpu.isalist" value="amd64"/>
    <property name="sun.jnu.encoding" value="Cp1252"/>
    <property name="java.class.path" value="C:\Users\hambe\Desktop\STAGE\Pawk\APPIUM\appiumInstantGamingTest\target\test-classes;C:\Users\hambe\Desktop\STAGE\Pawk\APPIUM\appiumInstantGamingTest\target\classes;C:\Users\hambe\.m2\repository\org\testng\testng\7.4.0\testng-7.4.0.jar;C:\Users\hambe\.m2\repository\com\beust\jcommander\1.78\jcommander-1.78.jar;C:\Users\hambe\.m2\repository\org\webjars\jquery\3.5.1\jquery-3.5.1.jar;C:\Users\hambe\.m2\repository\io\appium\java-client\7.6.0\java-client-7.6.0.jar;C:\Users\hambe\.m2\repository\org\seleniumhq\selenium\selenium-java\3.141.59\selenium-java-3.141.59.jar;C:\Users\hambe\.m2\repository\org\seleniumhq\selenium\selenium-chrome-driver\3.141.59\selenium-chrome-driver-3.141.59.jar;C:\Users\hambe\.m2\repository\org\seleniumhq\selenium\selenium-edge-driver\3.141.59\selenium-edge-driver-3.141.59.jar;C:\Users\hambe\.m2\repository\org\seleniumhq\selenium\selenium-firefox-driver\3.141.59\selenium-firefox-driver-3.141.59.jar;C:\Users\hambe\.m2\repository\org\seleniumhq\selenium\selenium-ie-driver\3.141.59\selenium-ie-driver-3.141.59.jar;C:\Users\hambe\.m2\repository\org\seleniumhq\selenium\selenium-opera-driver\3.141.59\selenium-opera-driver-3.141.59.jar;C:\Users\hambe\.m2\repository\org\seleniumhq\selenium\selenium-remote-driver\3.141.59\selenium-remote-driver-3.141.59.jar;C:\Users\hambe\.m2\repository\org\seleniumhq\selenium\selenium-safari-driver\3.141.59\selenium-safari-driver-3.141.59.jar;C:\Users\hambe\.m2\repository\net\bytebuddy\byte-buddy\1.8.15\byte-buddy-1.8.15.jar;C:\Users\hambe\.m2\repository\org\apache\commons\commons-exec\1.3\commons-exec-1.3.jar;C:\Users\hambe\.m2\repository\com\google\guava\guava\25.0-jre\guava-25.0-jre.jar;C:\Users\hambe\.m2\repository\com\google\code\findbugs\jsr305\1.3.9\jsr305-1.3.9.jar;C:\Users\hambe\.m2\repository\org\checkerframework\checker-compat-qual\2.0.0\checker-compat-qual-2.0.0.jar;C:\Users\hambe\.m2\repository\com\google\errorprone\error_prone_annotations\2.1.3\error_prone_annotations-2.1.3.jar;C:\Users\hambe\.m2\repository\com\google\j2objc\j2objc-annotations\1.1\j2objc-annotations-1.1.jar;C:\Users\hambe\.m2\repository\org\codehaus\mojo\animal-sniffer-annotations\1.14\animal-sniffer-annotations-1.14.jar;C:\Users\hambe\.m2\repository\com\squareup\okhttp3\okhttp\3.11.0\okhttp-3.11.0.jar;C:\Users\hambe\.m2\repository\com\squareup\okio\okio\1.14.0\okio-1.14.0.jar;C:\Users\hambe\.m2\repository\org\seleniumhq\selenium\selenium-support\3.141.59\selenium-support-3.141.59.jar;C:\Users\hambe\.m2\repository\org\seleniumhq\selenium\selenium-api\3.141.59\selenium-api-3.141.59.jar;C:\Users\hambe\.m2\repository\com\google\code\gson\gson\2.8.8\gson-2.8.8.jar;C:\Users\hambe\.m2\repository\org\apache\httpcomponents\httpclient\4.5.13\httpclient-4.5.13.jar;C:\Users\hambe\.m2\repository\org\apache\httpcomponents\httpcore\4.4.13\httpcore-4.4.13.jar;C:\Users\hambe\.m2\repository\commons-logging\commons-logging\1.2\commons-logging-1.2.jar;C:\Users\hambe\.m2\repository\commons-codec\commons-codec\1.11\commons-codec-1.11.jar;C:\Users\hambe\.m2\repository\cglib\cglib\3.3.0\cglib-3.3.0.jar;C:\Users\hambe\.m2\repository\org\ow2\asm\asm\7.1\asm-7.1.jar;C:\Users\hambe\.m2\repository\commons-validator\commons-validator\1.7\commons-validator-1.7.jar;C:\Users\hambe\.m2\repository\commons-beanutils\commons-beanutils\1.9.4\commons-beanutils-1.9.4.jar;C:\Users\hambe\.m2\repository\commons-digester\commons-digester\2.1\commons-digester-2.1.jar;C:\Users\hambe\.m2\repository\commons-collections\commons-collections\3.2.2\commons-collections-3.2.2.jar;C:\Users\hambe\.m2\repository\org\apache\commons\commons-lang3\3.12.0\commons-lang3-3.12.0.jar;C:\Users\hambe\.m2\repository\commons-io\commons-io\2.11.0\commons-io-2.11.0.jar;C:\Users\hambe\.m2\repository\org\springframework\spring-context\5.3.10\spring-context-5.3.10.jar;C:\Users\hambe\.m2\repository\org\springframework\spring-aop\5.3.10\spring-aop-5.3.10.jar;C:\Users\hambe\.m2\repository\org\springframework\spring-beans\5.3.10\spring-beans-5.3.10.jar;C:\Users\hambe\.m2\repository\org\springframework\spring-core\5.3.10\spring-core-5.3.10.jar;C:\Users\hambe\.m2\repository\org\springframework\spring-jcl\5.3.10\spring-jcl-5.3.10.jar;C:\Users\hambe\.m2\repository\org\springframework\spring-expression\5.3.10\spring-expression-5.3.10.jar;C:\Users\hambe\.m2\repository\org\aspectj\aspectjweaver\1.9.7\aspectjweaver-1.9.7.jar;C:\Users\hambe\.m2\repository\org\slf4j\slf4j-api\1.7.32\slf4j-api-1.7.32.jar;C:\Users\hambe\.m2\repository\io\cucumber\cucumber-java\7.1.0\cucumber-java-7.1.0.jar;C:\Users\hambe\.m2\repository\org\apiguardian\apiguardian-api\1.1.2\apiguardian-api-1.1.2.jar;C:\Users\hambe\.m2\repository\io\cucumber\cucumber-core\7.1.0\cucumber-core-7.1.0.jar;C:\Users\hambe\.m2\repository\io\cucumber\cucumber-gherkin\7.1.0\cucumber-gherkin-7.1.0.jar;C:\Users\hambe\.m2\repository\io\cucumber\cucumber-gherkin-messages\7.1.0\cucumber-gherkin-messages-7.1.0.jar;C:\Users\hambe\.m2\repository\io\cucumber\messages\17.1.1\messages-17.1.1.jar;C:\Users\hambe\.m2\repository\io\cucumber\tag-expressions\4.1.0\tag-expressions-4.1.0.jar;C:\Users\hambe\.m2\repository\io\cucumber\cucumber-expressions\13.0.1\cucumber-expressions-13.0.1.jar;C:\Users\hambe\.m2\repository\io\cucumber\datatable\7.1.0\datatable-7.1.0.jar;C:\Users\hambe\.m2\repository\io\cucumber\cucumber-plugin\7.1.0\cucumber-plugin-7.1.0.jar;C:\Users\hambe\.m2\repository\io\cucumber\docstring\7.1.0\docstring-7.1.0.jar;C:\Users\hambe\.m2\repository\io\cucumber\html-formatter\17.0.0\html-formatter-17.0.0.jar;C:\Users\hambe\.m2\repository\io\cucumber\create-meta\6.0.4\create-meta-6.0.4.jar;C:\Users\hambe\.m2\repository\io\cucumber\cucumber-testng\7.1.0\cucumber-testng-7.1.0.jar;C:\Users\hambe\.m2\repository\io\cucumber\cucumber-picocontainer\7.1.0\cucumber-picocontainer-7.1.0.jar;C:\Users\hambe\.m2\repository\org\picocontainer\picocontainer\2.15\picocontainer-2.15.jar;C:\Users\hambe\.m2\repository\io\cucumber\gherkin\22.0.0\gherkin-22.0.0.jar;C:\Users\hambe\.m2\repository\org\apache\logging\log4j\log4j-api\2.14.1\log4j-api-2.14.1.jar;C:\Users\hambe\.m2\repository\org\apache\logging\log4j\log4j-core\2.14.1\log4j-core-2.14.1.jar;"/>
    <property name="java.vm.vendor" value="Oracle Corporation"/>
    <property name="deviceName" value="emulator-5554"/>
    <property name="sun.arch.data.model" value="64"/>
    <property name="user.variant" value=""/>
    <property name="java.vendor.url" value="http://java.oracle.com/"/>
    <property name="user.timezone" value="Africa/Luanda"/>
    <property name="java.vm.specification.version" value="1.8"/>
    <property name="os.name" value="Windows 10"/>
    <property name="user.country" value="FR"/>
    <property name="sun.java.launcher" value="SUN_STANDARD"/>
    <property name="sun.boot.library.path" value="C:\Program Files\Java\jdk1.8.0_261\jre\bin"/>
    <property name="sun.java.command" value="C:\Users\hambe\AppData\Local\Temp\surefire3034511066812678810\surefirebooter533787493190207052.jar C:\Users\hambe\AppData\Local\Temp\surefire3034511066812678810 2022-06-06T09-20-45_816-jvmRun1 surefire4414657046700866113tmp surefire_04854642752503089235tmp"/>
    <property name="surefire.test.class.path" value="C:\Users\hambe\Desktop\STAGE\Pawk\APPIUM\appiumInstantGamingTest\target\test-classes;C:\Users\hambe\Desktop\STAGE\Pawk\APPIUM\appiumInstantGamingTest\target\classes;C:\Users\hambe\.m2\repository\org\testng\testng\7.4.0\testng-7.4.0.jar;C:\Users\hambe\.m2\repository\com\beust\jcommander\1.78\jcommander-1.78.jar;C:\Users\hambe\.m2\repository\org\webjars\jquery\3.5.1\jquery-3.5.1.jar;C:\Users\hambe\.m2\repository\io\appium\java-client\7.6.0\java-client-7.6.0.jar;C:\Users\hambe\.m2\repository\org\seleniumhq\selenium\selenium-java\3.141.59\selenium-java-3.141.59.jar;C:\Users\hambe\.m2\repository\org\seleniumhq\selenium\selenium-chrome-driver\3.141.59\selenium-chrome-driver-3.141.59.jar;C:\Users\hambe\.m2\repository\org\seleniumhq\selenium\selenium-edge-driver\3.141.59\selenium-edge-driver-3.141.59.jar;C:\Users\hambe\.m2\repository\org\seleniumhq\selenium\selenium-firefox-driver\3.141.59\selenium-firefox-driver-3.141.59.jar;C:\Users\hambe\.m2\repository\org\seleniumhq\selenium\selenium-ie-driver\3.141.59\selenium-ie-driver-3.141.59.jar;C:\Users\hambe\.m2\repository\org\seleniumhq\selenium\selenium-opera-driver\3.141.59\selenium-opera-driver-3.141.59.jar;C:\Users\hambe\.m2\repository\org\seleniumhq\selenium\selenium-remote-driver\3.141.59\selenium-remote-driver-3.141.59.jar;C:\Users\hambe\.m2\repository\org\seleniumhq\selenium\selenium-safari-driver\3.141.59\selenium-safari-driver-3.141.59.jar;C:\Users\hambe\.m2\repository\net\bytebuddy\byte-buddy\1.8.15\byte-buddy-1.8.15.jar;C:\Users\hambe\.m2\repository\org\apache\commons\commons-exec\1.3\commons-exec-1.3.jar;C:\Users\hambe\.m2\repository\com\google\guava\guava\25.0-jre\guava-25.0-jre.jar;C:\Users\hambe\.m2\repository\com\google\code\findbugs\jsr305\1.3.9\jsr305-1.3.9.jar;C:\Users\hambe\.m2\repository\org\checkerframework\checker-compat-qual\2.0.0\checker-compat-qual-2.0.0.jar;C:\Users\hambe\.m2\repository\com\google\errorprone\error_prone_annotations\2.1.3\error_prone_annotations-2.1.3.jar;C:\Users\hambe\.m2\repository\com\google\j2objc\j2objc-annotations\1.1\j2objc-annotations-1.1.jar;C:\Users\hambe\.m2\repository\org\codehaus\mojo\animal-sniffer-annotations\1.14\animal-sniffer-annotations-1.14.jar;C:\Users\hambe\.m2\repository\com\squareup\okhttp3\okhttp\3.11.0\okhttp-3.11.0.jar;C:\Users\hambe\.m2\repository\com\squareup\okio\okio\1.14.0\okio-1.14.0.jar;C:\Users\hambe\.m2\repository\org\seleniumhq\selenium\selenium-support\3.141.59\selenium-support-3.141.59.jar;C:\Users\hambe\.m2\repository\org\seleniumhq\selenium\selenium-api\3.141.59\selenium-api-3.141.59.jar;C:\Users\hambe\.m2\repository\com\google\code\gson\gson\2.8.8\gson-2.8.8.jar;C:\Users\hambe\.m2\repository\org\apache\httpcomponents\httpclient\4.5.13\httpclient-4.5.13.jar;C:\Users\hambe\.m2\repository\org\apache\httpcomponents\httpcore\4.4.13\httpcore-4.4.13.jar;C:\Users\hambe\.m2\repository\commons-logging\commons-logging\1.2\commons-logging-1.2.jar;C:\Users\hambe\.m2\repository\commons-codec\commons-codec\1.11\commons-codec-1.11.jar;C:\Users\hambe\.m2\repository\cglib\cglib\3.3.0\cglib-3.3.0.jar;C:\Users\hambe\.m2\repository\org\ow2\asm\asm\7.1\asm-7.1.jar;C:\Users\hambe\.m2\repository\commons-validator\commons-validator\1.7\commons-validator-1.7.jar;C:\Users\hambe\.m2\repository\commons-beanutils\commons-beanutils\1.9.4\commons-beanutils-1.9.4.jar;C:\Users\hambe\.m2\repository\commons-digester\commons-digester\2.1\commons-digester-2.1.jar;C:\Users\hambe\.m2\repository\commons-collections\commons-collections\3.2.2\commons-collections-3.2.2.jar;C:\Users\hambe\.m2\repository\org\apache\commons\commons-lang3\3.12.0\commons-lang3-3.12.0.jar;C:\Users\hambe\.m2\repository\commons-io\commons-io\2.11.0\commons-io-2.11.0.jar;C:\Users\hambe\.m2\repository\org\springframework\spring-context\5.3.10\spring-context-5.3.10.jar;C:\Users\hambe\.m2\repository\org\springframework\spring-aop\5.3.10\spring-aop-5.3.10.jar;C:\Users\hambe\.m2\repository\org\springframework\spring-beans\5.3.10\spring-beans-5.3.10.jar;C:\Users\hambe\.m2\repository\org\springframework\spring-core\5.3.10\spring-core-5.3.10.jar;C:\Users\hambe\.m2\repository\org\springframework\spring-jcl\5.3.10\spring-jcl-5.3.10.jar;C:\Users\hambe\.m2\repository\org\springframework\spring-expression\5.3.10\spring-expression-5.3.10.jar;C:\Users\hambe\.m2\repository\org\aspectj\aspectjweaver\1.9.7\aspectjweaver-1.9.7.jar;C:\Users\hambe\.m2\repository\org\slf4j\slf4j-api\1.7.32\slf4j-api-1.7.32.jar;C:\Users\hambe\.m2\repository\io\cucumber\cucumber-java\7.1.0\cucumber-java-7.1.0.jar;C:\Users\hambe\.m2\repository\org\apiguardian\apiguardian-api\1.1.2\apiguardian-api-1.1.2.jar;C:\Users\hambe\.m2\repository\io\cucumber\cucumber-core\7.1.0\cucumber-core-7.1.0.jar;C:\Users\hambe\.m2\repository\io\cucumber\cucumber-gherkin\7.1.0\cucumber-gherkin-7.1.0.jar;C:\Users\hambe\.m2\repository\io\cucumber\cucumber-gherkin-messages\7.1.0\cucumber-gherkin-messages-7.1.0.jar;C:\Users\hambe\.m2\repository\io\cucumber\messages\17.1.1\messages-17.1.1.jar;C:\Users\hambe\.m2\repository\io\cucumber\tag-expressions\4.1.0\tag-expressions-4.1.0.jar;C:\Users\hambe\.m2\repository\io\cucumber\cucumber-expressions\13.0.1\cucumber-expressions-13.0.1.jar;C:\Users\hambe\.m2\repository\io\cucumber\datatable\7.1.0\datatable-7.1.0.jar;C:\Users\hambe\.m2\repository\io\cucumber\cucumber-plugin\7.1.0\cucumber-plugin-7.1.0.jar;C:\Users\hambe\.m2\repository\io\cucumber\docstring\7.1.0\docstring-7.1.0.jar;C:\Users\hambe\.m2\repository\io\cucumber\html-formatter\17.0.0\html-formatter-17.0.0.jar;C:\Users\hambe\.m2\repository\io\cucumber\create-meta\6.0.4\create-meta-6.0.4.jar;C:\Users\hambe\.m2\repository\io\cucumber\cucumber-testng\7.1.0\cucumber-testng-7.1.0.jar;C:\Users\hambe\.m2\repository\io\cucumber\cucumber-picocontainer\7.1.0\cucumber-picocontainer-7.1.0.jar;C:\Users\hambe\.m2\repository\org\picocontainer\picocontainer\2.15\picocontainer-2.15.jar;C:\Users\hambe\.m2\repository\io\cucumber\gherkin\22.0.0\gherkin-22.0.0.jar;C:\Users\hambe\.m2\repository\org\apache\logging\log4j\log4j-api\2.14.1\log4j-api-2.14.1.jar;C:\Users\hambe\.m2\repository\org\apache\logging\log4j\log4j-core\2.14.1\log4j-core-2.14.1.jar;"/>
    <property name="sun.cpu.endian" value="little"/>
    <property name="user.home" value="C:\Users\hambe"/>
    <property name="user.language" value="fr"/>
    <property name="java.specification.vendor" value="Oracle Corporation"/>
    <property name="java.home" value="C:\Program Files\Java\jdk1.8.0_261\jre"/>
    <property name="basedir" value="C:\Users\hambe\Desktop\STAGE\Pawk\APPIUM\appiumInstantGamingTest"/>
    <property name="file.separator" value="\"/>
    <property name="line.separator" value="&#10;"/>
    <property name="java.vm.specification.vendor" value="Oracle Corporation"/>
    <property name="java.specification.name" value="Java Platform API Specification"/>
    <property name="java.awt.graphicsenv" value="sun.awt.Win32GraphicsEnvironment"/>
    <property name="surefire.real.class.path" value="C:\Users\hambe\AppData\Local\Temp\surefire3034511066812678810\surefirebooter533787493190207052.jar"/>
    <property name="sun.boot.class.path" value="C:\Program Files\Java\jdk1.8.0_261\jre\lib\resources.jar;C:\Program Files\Java\jdk1.8.0_261\jre\lib\rt.jar;C:\Program Files\Java\jdk1.8.0_261\jre\lib\sunrsasign.jar;C:\Program Files\Java\jdk1.8.0_261\jre\lib\jsse.jar;C:\Program Files\Java\jdk1.8.0_261\jre\lib\jce.jar;C:\Program Files\Java\jdk1.8.0_261\jre\lib\charsets.jar;C:\Program Files\Java\jdk1.8.0_261\jre\lib\jfr.jar;C:\Program Files\Java\jdk1.8.0_261\jre\classes"/>
    <property name="user.script" value=""/>
    <property name="sun.management.compiler" value="HotSpot 64-Bit Tiered Compilers"/>
    <property name="java.runtime.version" value="1.8.0_261-b12"/>
    <property name="user.name" value="hambe"/>
    <property name="path.separator" value=";"/>
    <property name="os.version" value="10.0"/>
    <property name="java.endorsed.dirs" value="C:\Program Files\Java\jdk1.8.0_261\jre\lib\endorsed"/>
    <property name="java.runtime.name" value="Java(TM) SE Runtime Environment"/>
    <property name="file.encoding" value="Cp1252"/>
    <property name="java.vm.name" value="Java HotSpot(TM) 64-Bit Server VM"/>
    <property name="localRepository" value="C:\Users\hambe\.m2\repository"/>
    <property name="java.vendor.url.bug" value="http://bugreport.sun.com/bugreport/"/>
    <property name="java.io.tmpdir" value="C:\Users\hambe\AppData\Local\Temp\"/>
    <property name="java.version" value="1.8.0_261"/>
    <property name="user.dir" value="C:\Users\hambe\Desktop\STAGE\Pawk\APPIUM\appiumInstantGamingTest"/>
    <property name="os.arch" value="amd64"/>
    <property name="java.vm.specification.name" value="Java Virtual Machine Specification"/>
    <property name="java.awt.printerjob" value="sun.awt.windows.WPrinterJob"/>
    <property name="onBrowser" value="false"/>
    <property name="sun.os.patch.level" value=""/>
    <property name="java.library.path" value="C:\Program Files\Java\jdk1.8.0_261\jre\bin;C:\WINDOWS\Sun\Java\bin;C:\WINDOWS\system32;C:\WINDOWS;C:\app\hambel\product\12.2.0\dbhome_1\bin;C:\Program Files (x86)\VMware\VMware Workstation\bin\;C:\Python310\Scripts\;C:\Python310\;C:\Program Files (x86)\Common Files\Oracle\Java\javapath;C:\WINDOWS\system32;C:\WINDOWS;C:\WINDOWS\System32\Wbem;C:\WINDOWS\System32\WindowsPowerShell\v1.0\;C:\WINDOWS\System32\OpenSSH\;C:\Program Files\nodejs\;C:\ProgramData\chocolatey\bin;C:\Program Files\Git\cmd;C:\Users\hambe\Documents\Maven\apache-maven-3.8.5\bin;C:\Program Files\NVIDIA Corporation\NVIDIA NvDLISR;C:\Program Files (x86)\NVIDIA Corporation\PhysX\Common;C:\Users\hambe\Desktop\STAGE\Pawk\allure-commandline-2.17.3\allure-2.17.3\bin;C:\Program Files\nodejs\node_modules\npm\bin;C:\Users\hambe\AppData\Local\Microsoft\WindowsApps;C:\Users\hambe\AppData\Roaming\npm;C:\Program Files\JetBrains\IntelliJ IDEA 2022.1.1\bin;;C:\Program Files\JetBrains\PyCharm 2019.3.3\bin;;C:\Users\hambe\AppData\Local\Programs\Microsoft VS Code\bin;C:\Users\hambe\Documents\spark-3.2.0-bin-hadoop3\bin;C:\Program Files\JetBrains\WebStorm 2022.1\bin;;C:\Program Files\Java\jdk1.8.0_261\bin;C:\Program Files\JetBrains\IntelliJ IDEA 2020.1\plugins\maven\lib\maven3\bin;C:\Users\hambe\AppData\Local\Android\Sdk;C:\Users\hambe\AppData\Local\Android\Sdk\emulator;C:\Users\hambe\AppData\Local\Android\Sdk\tools\bin;C:\Users\hambe\AppData\Local\Android\Sdk\platform-tools;;."/>
    <property name="java.vm.info" value="mixed mode"/>
    <property name="java.vendor" value="Oracle Corporation"/>
    <property name="java.vm.version" value="25.261-b12"/>
    <property name="java.ext.dirs" value="C:\Program Files\Java\jdk1.8.0_261\jre\lib\ext;C:\WINDOWS\Sun\Java\lib\ext"/>
    <property name="sun.io.unicode.encoding" value="UnicodeLittle"/>
    <property name="java.class.version" value="52.0"/>
  </properties>
  <testcase name="runScenario[&quot;Find a product with search bar&quot;, &quot;Optional[Found Products]&quot;](1)" classname="runners.TestRunner" time="26.905">
    <system-out><![CDATA[appvalue is missing in config.properties
[INFO ] 2022-06-06 09:20:53.816 [main] server.AppiumServer - ===============================================
[INFO ] 2022-06-06 09:20:53.827 [main] server.AppiumServer - - - - - - -  Starting Appium Server - - - - - -
[INFO ] 2022-06-06 09:20:53.827 [main] server.AppiumServer - ===============================================
&amp#27;[35m[Appium]&amp#27;[39m Welcome to Appium v1.22.3
&amp#27;[35m[Appium]&amp#27;[39m Non-default server args:
&amp#27;[35m[Appium]&amp#27;[39m   sessionOverride: true
&amp#27;[35m[Appium]&amp#27;[39m   loglevel: info
&amp#27;[35m[Appium]&amp#27;[39m   relaxedSecurityEnabled: true
&amp#27;[35m[HTTP]&amp#27;[39m Could not start REST http interface listener. The requested port may already be in use. Please make sure there is no other instance of this server running already.
Fatal Error: listen EADDRINUSE: address already in use 0.0.0.0:4723
    at Server.setupListenHandle [as _listen2] (net.js:1318:16)
    at listenInCluster (net.js:1366:12)
    at doListen (net.js:1503:7)
    at processTicksAndRejections (internal/process/task_queues.js:83:21)

@TEST_OF-649
Scenario Outline: Find a product with search bar                           &amp#27;[90m# src/test/resources/features/ProductFind.feature:16&amp#27;[0m
  &amp#27;[32mGiven &amp#27;[0m&amp#27;[32mUser is on homepage&amp#27;[0m                                                &amp#27;[90m# steps.HomeSteps.userIsOnHomepage()&amp#27;[0m
  &amp#27;[32mGiven &amp#27;[0m&amp#27;[32mUser is on search bar&amp#27;[0m                                              &amp#27;[90m# steps.HomeSteps.userIsOnSearchBar()&amp#27;[0m
  &amp#27;[32mWhen &amp#27;[0m&amp#27;[32mUser enter a &amp#27;[0m&amp#27;[32m&amp#27;[1m"fe"&amp#27;[0m&amp#27;[32m in search bar&amp#27;[0m                                     &amp#27;[90m# steps.HomeSteps.userEnterProductFind(java.lang.String)&amp#27;[0m
  &amp#27;[32mAnd &amp#27;[0m&amp#27;[32mUser press on search button&amp#27;[0m                                          &amp#27;[90m# steps.HomeSteps.userPressOnSearchButton()&amp#27;[0m
  &amp#27;[32mThen &amp#27;[0m&amp#27;[32mUser should see some results under the searchbar with the word &amp#27;[0m&amp#27;[32m&amp#27;[1m"fe"&amp#27;[0m &amp#27;[90m# steps.HomeSteps.resultsFoundNumber(java.lang.String)&amp#27;[0m
]]></system-out>
    <system-err><![CDATA[SLF4J: Failed to load class "org.slf4j.impl.StaticLoggerBinder".
SLF4J: Defaulting to no-operation (NOP) logger implementation
SLF4J: See http://www.slf4j.org/codes.html#StaticLoggerBinder for further details.
juin 06, 2022 9:21:08 AM io.appium.java_client.remote.AppiumCommandExecutor$1 lambda$0
INFOS: Detected dialect: W3C
]]></system-err>
  </testcase>
  <testcase name="runScenario[&quot;Suggestions when entering a product&quot;, &quot;Optional[Found Products]&quot;](2)" classname="runners.TestRunner" time="17.592">
    <system-out><![CDATA[
@TEST_OF-648
Scenario Outline: Suggestions when entering a product &amp#27;[90m# src/test/resources/features/ProductFind.feature:27&amp#27;[0m
  &amp#27;[32mGiven &amp#27;[0m&amp#27;[32mUser is on homepage&amp#27;[0m                           &amp#27;[90m# steps.HomeSteps.userIsOnHomepage()&amp#27;[0m
  &amp#27;[32mGiven &amp#27;[0m&amp#27;[32mUser is on search bar&amp#27;[0m                         &amp#27;[90m# steps.HomeSteps.userIsOnSearchBar()&amp#27;[0m
  &amp#27;[32mWhen &amp#27;[0m&amp#27;[32mUser enter a &amp#27;[0m&amp#27;[32m&amp#27;[1m"men"&amp#27;[0m&amp#27;[32m in search bar&amp#27;[0m               &amp#27;[90m# steps.HomeSteps.userEnterProductFind(java.lang.String)&amp#27;[0m
  &amp#27;[32mThen &amp#27;[0m&amp#27;[32mUser should see suggestions appear&amp#27;[0m             &amp#27;[90m# steps.HomeSteps.userShouldSeeSuggestionsAppear()&amp#27;[0m
]]></system-out>
  </testcase>
  <testcase name="runScenario[&quot;Not find product&quot;, &quot;Optional[Found Products]&quot;](3)" classname="runners.TestRunner" time="19.032">
    <system-out><![CDATA[
@TEST_OF-659
Scenario Outline: Not find product                   &amp#27;[90m# src/test/resources/features/ProductFind.feature:39&amp#27;[0m
  &amp#27;[32mGiven &amp#27;[0m&amp#27;[32mUser is on homepage&amp#27;[0m                          &amp#27;[90m# steps.HomeSteps.userIsOnHomepage()&amp#27;[0m
  &amp#27;[32mGiven &amp#27;[0m&amp#27;[32mUser is on search bar&amp#27;[0m                        &amp#27;[90m# steps.HomeSteps.userIsOnSearchBar()&amp#27;[0m
  &amp#27;[32mWhen &amp#27;[0m&amp#27;[32mUser enter a &amp#27;[0m&amp#27;[32m&amp#27;[1m"Bbobda"&amp#27;[0m&amp#27;[32m in search bar&amp#27;[0m           &amp#27;[90m# steps.HomeSteps.userEnterProductFind(java.lang.String)&amp#27;[0m
  &amp#27;[32mAnd &amp#27;[0m&amp#27;[32mUser press on search button&amp#27;[0m                    &amp#27;[90m# steps.HomeSteps.userPressOnSearchButton()&amp#27;[0m
  &amp#27;[32mThen &amp#27;[0m&amp#27;[32mUser should see message about no result found&amp#27;[0m &amp#27;[90m# steps.HomeSteps.userShouldSeeMessageAboutNoResultFound()&amp#27;[0m
]]></system-out>
  </testcase>
  <testcase name="runScenario[&quot;Login as subscribed user&quot;, &quot;Optional[Login]&quot;](4)" classname="runners.TestRunner" time="27.302">
    <system-out><![CDATA[
@login @TEST_OF
Scenario Outline: Login as subscribed user                &amp#27;[90m# src/test/resources/features/login.feature:16&amp#27;[0m
  &amp#27;[32mGiven &amp#27;[0m&amp#27;[32mUser is on homepage&amp#27;[0m                               &amp#27;[90m# steps.HomeSteps.userIsOnHomepage()&amp#27;[0m
  &amp#27;[32mGiven &amp#27;[0m&amp#27;[32mUser is on login page&amp#27;[0m                             &amp#27;[90m# steps.HomeSteps.userAccessToLoginPage()&amp#27;[0m
  &amp#27;[32mWhen &amp#27;[0m&amp#27;[32mUser enter a &amp#27;[0m&amp#27;[32m&amp#27;[1m"696074190"&amp#27;[0m&amp#27;[32m and &amp#27;[0m&amp#27;[32m&amp#27;[1m"Mimosamimosa1."&amp#27;[0m      &amp#27;[90m# steps.HomeSteps.userEnterAAnd(java.lang.String,java.lang.String)&amp#27;[0m
  &amp#27;[32mAnd &amp#27;[0m&amp#27;[32mUser press on login button&amp#27;[0m                          &amp#27;[90m# steps.HomeSteps.userPressOnLoginButton()&amp#27;[0m
  &amp#27;[32mThen &amp#27;[0m&amp#27;[32mUser should be in the application as a logged user&amp#27;[0m &amp#27;[90m# steps.HomeSteps.userShouldBeInTheApplicationAsALoggedUser()&amp#27;[0m
]]></system-out>
  </testcase>
</testsuite>