<?xml version="1.0" encoding="UTF-8"?>
<!-- Generated by org.testng.reporters.JUnitReportReporter -->
<testsuite skipped="0" hostname="DESKTOP-5SIDRBI" name="runners.TestRunner" tests="2" failures="0" timestamp="2022-06-03T16:02:03 WAT" time="52.680" errors="0">
  <testcase name="runScenario" time="28.595" classname="runners.TestRunner"/>
  <system-out/>
  <testcase name="runScenario" time="24.085" classname="runners.TestRunner"/>
  <system-out/>
</testsuite> <!-- runners.TestRunner -->
