<?xml version="1.0" encoding="UTF-8"?>
<!-- Generated by org.testng.reporters.JUnitReportReporter -->
<testsuite skipped="0" hostname="DESKTOP-5SIDRBI" name="runners.TestRunner" tests="4" failures="0" timestamp="2022-06-06T09:22:40 WAT" time="90.936" errors="0">
  <testcase name="runScenario" time="19.016" classname="runners.TestRunner"/>
  <system-out/>
  <testcase name="runScenario" time="27.006" classname="runners.TestRunner"/>
  <system-out/>
  <testcase name="runScenario" time="17.594" classname="runners.TestRunner"/>
  <system-out/>
  <testcase name="runScenario" time="27.320" classname="runners.TestRunner"/>
  <system-out/>
</testsuite> <!-- runners.TestRunner -->
